[2026-06-16 15:12:28] [INFO] [知识库] 已加载 2 条
[2026-06-16 15:12:28] [INFO] ========================================================
[2026-06-16 15:12:28] [INFO] wxbot_pyweixin 启动（基于 pyweixin SDK）
[2026-06-16 15:12:28] [INFO] ========================================================
[2026-06-16 15:12:28] [INFO] ✓ 微信版本: 4.1.9.35
[2026-06-16 15:12:28] [INFO] admin=文件传输助手 | 全局监听=False
[2026-06-16 15:12:28] [INFO] 配置文件: config\config.json
[2026-06-16 15:12:28] [INFO] [知识库] 已加载 2 条
[2026-06-16 15:12:28] [INFO] 🤖 数字员工已启用（知识库 + 岗位人设 + AI）
[2026-06-16 15:12:30] [WARNING] 获取账号信息失败，记忆使用默认目录: 'NoneType' object has no attribute 'child_window'
[2026-06-16 15:12:31] [INFO] [MqttWorker] 初始化 MQTT 数字员工 共 1 个身份，启用 1 个
[2026-06-16 15:12:31] [INFO] [MqttWorker] MQTT 协调器工作线程已启动
[2026-06-16 15:12:31] [INFO] [MqttWorker] MQTT 数字员工初始化完成
[2026-06-16 15:12:31] [INFO] 🔌 MQTT 数字员工通道已启用
[2026-06-16 15:12:31] [INFO] [MqttWorker] 正在连接 192.168.10.101:12403 (vhost=/, tls=False)
[2026-06-16 15:12:31] [INFO] [新好友调度] 启动
[2026-06-16 15:12:31] [INFO] [朋友圈点赞] 开关关闭，不启动
[2026-06-16 15:12:31] [INFO] ⏰ 调度器已启动（定时消息/朋友圈 + 随机窗口 + 新好友 + 点赞）
[2026-06-16 15:12:31] [INFO] 📨 消息主循环启动（轮询间隔 10.0s，单轮超时 30.0s）
[2026-06-16 15:12:31] [INFO] [MqttWorker] MQTT 连接结果: rc=0 (Connection Accepted.)
[2026-06-16 15:12:31] [INFO] [MqttWorker] 订阅主题: agent/zhuolang/wx_001
[2026-06-16 15:12:31] [INFO] [MqttWorker] 已订阅 1 个主题
[2026-06-16 15:12:32] [INFO] 检测到 1 条新消息
[2026-06-16 15:12:36] [INFO] [收到] 磊哥(磊哥) [文本]: '你在干啥'
[2026-06-16 15:12:36] [INFO] [MqttWorker] 从本地联系人缓存加载: 13 人
[2026-06-16 15:12:36] [INFO] [MqttWorker:浊浪测试] 转发微信消息 -> wechat/wx_001/wechat-8be73552 [磊哥] role=浊浪测试
[2026-06-16 15:14:02] [INFO] [收到] 磊哥(磊哥) [文本]: '回消息'
[2026-06-16 15:14:02] [INFO] [MqttWorker:浊浪测试] 转发微信消息 -> wechat/wx_001/wechat-1faf82b8 [磊哥] role=浊浪测试
[2026-06-16 15:16:01] [INFO] [MqttWorker] 消息适配 -> event=wechat_message
[2026-06-16 15:16:02] [INFO] [MqttWorker:浊浪测试] 收到任务 topic=agent/zhuolang/wx_001 role=浊浪测试
[2026-06-16 15:16:02] [INFO] [MqttWorker] 执行任务 [send_text] event=wechat_message correlationId=23593c11
[2026-06-16 15:16:02] [INFO] [MqttWorker] 从本地联系人缓存加载: 13 人
[2026-06-16 15:16:02] [WARNING] [MqttWorker] 联系人解析未命中 '客户A'，回退直接使用原 target
[2026-06-16 15:16:04] [ERROR] [MqttWorker] 任务执行异常 [send_text]: 好友或群聊备注有误！查无此人！
[2026-06-16 15:16:04] [INFO] [MqttWorker:浊浪测试] 回调发布 成功 topic=wechat/wx_001/23593c11
[2026-06-16 15:16:21] [INFO] [MqttWorker] 消息适配 -> event=wechat_message
[2026-06-16 15:16:21] [INFO] [MqttWorker:浊浪测试] 收到任务 topic=agent/zhuolang/wx_001 role=浊浪测试
[2026-06-16 15:16:21] [INFO] [MqttWorker] 执行任务 [send_text] event=wechat_message correlationId=wechat-1faf82b8
[2026-06-16 15:16:21] [WARNING] [MqttWorker] 联系人解析未命中 '磊哥'，回退直接使用原 target
[2026-06-16 15:16:22] [INFO] [MqttWorker:浊浪测试] 回调发布 成功 topic=wechat/wx_001/wechat-1faf82b8
[2026-06-16 15:16:24] [INFO] [收到] 磊哥(磊哥) [文本]: '刚在忙，咋了老板'
[2026-06-16 15:16:24] [INFO] [MqttWorker:浊浪测试] 转发微信消息 -> wechat/wx_001/wechat-47576004 [磊哥] role=浊浪测试
[2026-06-16 15:17:07] [INFO] [收到] 磊哥(磊哥) [文本]: '你是干啥的'
[2026-06-16 15:17:07] [INFO] [MqttWorker:浊浪测试] 转发微信消息 -> wechat/wx_001/wechat-94a13ab2 [磊哥] role=浊浪测试
[2026-06-16 15:22:43] [INFO] 检测到 1 条新消息
[2026-06-16 15:22:47] [INFO] [收到] 客户-赵曦(客户-赵曦) [文本]: '哈喽'
[2026-06-16 15:22:47] [INFO] [MqttWorker:浊浪测试] 转发微信消息 -> wechat/wx_001/wechat-2c040197 [客户-赵曦] role=浊浪测试
[2026-06-16 15:23:30] [INFO] [收到] 客户-赵曦(客户-赵曦) [文本]: '怎么不回复'
[2026-06-16 15:23:30] [INFO] [MqttWorker:浊浪测试] 转发微信消息 -> wechat/wx_001/wechat-d94ea64a [客户-赵曦] role=浊浪测试
[2026-06-16 15:24:11] [INFO] [MqttWorker] 消息适配 -> event=wechat_message
[2026-06-16 15:24:11] [INFO] [MqttWorker:浊浪测试] 收到任务 topic=agent/zhuolang/wx_001 role=浊浪测试
[2026-06-16 15:24:11] [INFO] [MqttWorker] 执行任务 [send_text] event=wechat_message correlationId=wechat-d94ea64a
[2026-06-16 15:24:11] [WARNING] [MqttWorker] 联系人解析未命中 '客户-赵曦'，回退直接使用原 target
[2026-06-16 15:24:12] [INFO] [MqttWorker:浊浪测试] 回调发布 成功 topic=wechat/wx_001/wechat-d94ea64a
[2026-06-16 15:24:13] [INFO] [收到] 客户-赵曦(客户-赵曦) [文本]: '哈喽！最近生意咋样？新到了一批夏季果味系列，百香果和龙井小麦走得好，给你留两箱试试？'
[2026-06-16 15:24:13] [INFO] [MqttWorker:浊浪测试] 转发微信消息 -> wechat/wx_001/wechat-b1a502f2 [客户-赵曦] role=浊浪测试
[2026-06-16 15:28:20] [INFO] [MqttWorker] 消息适配 -> event=wechat_message
[2026-06-16 15:28:20] [INFO] [MqttWorker:浊浪测试] 收到任务 topic=agent/zhuolang/wx_001 role=浊浪测试
[2026-06-16 15:28:20] [INFO] [MqttWorker] 执行任务 [send_text] event=wechat_message correlationId=wechat-b1a502f2
[2026-06-16 15:28:20] [WARNING] [MqttWorker] 联系人解析未命中 '客户-赵曦'，回退直接使用原 target
[2026-06-16 15:28:21] [INFO] [MqttWorker:浊浪测试] 回调发布 成功 topic=wechat/wx_001/wechat-b1a502f2
[2026-06-16 15:28:24] [INFO] [收到] 客户-赵曦(客户-赵曦) [文本]: '赵老板，在呢。啥事儿？'
[2026-06-16 15:28:24] [INFO] [MqttWorker:浊浪测试] 转发微信消息 -> wechat/wx_001/wechat-992d457d [客户-赵曦] role=浊浪测试
[2026-06-16 15:31:18] [INFO] [收到] 客户-赵曦(客户-赵曦) [文本]: '你在干啥'
[2026-06-16 15:31:18] [INFO] [MqttWorker:浊浪测试] 转发微信消息 -> wechat/wx_001/wechat-79d5612d [客户-赵曦] role=浊浪测试
[2026-06-16 15:33:26] [INFO] [MqttWorker] 消息适配 -> event=wechat_message
[2026-06-16 15:33:26] [INFO] [MqttWorker:浊浪测试] 收到任务 topic=agent/zhuolang/wx_001 role=浊浪测试
[2026-06-16 15:33:26] [INFO] [MqttWorker] 执行任务 [send_text] event=wechat_message correlationId=wechat-79d5612d
[2026-06-16 15:33:26] [WARNING] [MqttWorker] 联系人解析未命中 '客户-赵曦'，回退直接使用原 target
[2026-06-16 15:33:27] [INFO] [MqttWorker:浊浪测试] 回调发布 成功 topic=wechat/wx_001/wechat-79d5612d
[2026-06-16 15:33:28] [INFO] [收到] 客户-赵曦(客户-赵曦) [文本]: '刚在忙，最近生意咋样？新到了夏季果味系列，百香果和海盐荔枝走得好，给你留两箱？'
[2026-06-16 15:33:28] [INFO] [MqttWorker:浊浪测试] 转发微信消息 -> wechat/wx_001/wechat-f797aa9d [客户-赵曦] role=浊浪测试
[2026-06-16 15:34:44] [INFO] [收到] 客户-赵曦(客户-赵曦) [文本]: '都有啥系列的酒'
[2026-06-16 15:34:44] [INFO] [MqttWorker:浊浪测试] 转发微信消息 -> wechat/wx_001/wechat-f4fccc20 [客户-赵曦] role=浊浪测试
[2026-06-16 15:37:17] [INFO] [MqttWorker] 消息适配 -> event=wechat_message
[2026-06-16 15:37:17] [INFO] [MqttWorker:浊浪测试] 收到任务 topic=agent/zhuolang/wx_001 role=浊浪测试
[2026-06-16 15:37:17] [INFO] [MqttWorker] 执行任务 [send_text] event=wechat_message correlationId=wechat-f4fccc20
[2026-06-16 15:37:17] [WARNING] [MqttWorker] 联系人解析未命中 '客户-赵曦'，回退直接使用原 target
[2026-06-16 15:37:17] [INFO] [MqttWorker:浊浪测试] 回调发布 成功 topic=wechat/wx_001/wechat-f4fccc20
[2026-06-16 15:37:26] [INFO] [收到] 客户-赵曦(客户-赵曦) [文本]: '四大系列：基础（德式小麦、皮尔森）、果味（百香果、龙井小麦、海盐荔枝）、匠心（浑浊IPA、牛奶世涛）、气泡米酒。你是酒吧还是餐吧？帮你推荐适合的'
[2026-06-16 15:37:26] [INFO] [MqttWorker:浊浪测试] 转发微信消息 -> wechat/wx_001/wechat-059b33f3 [客户-赵曦] role=浊浪测试
[2026-06-16 15:39:15] [INFO] [收到] 客户-赵曦(客户-赵曦) [文本]: '百香果咋买呢'
[2026-06-16 15:39:15] [INFO] [MqttWorker:浊浪测试] 转发微信消息 -> wechat/wx_001/wechat-cd66dc08 [客户-赵曦] role=浊浪测试
[2026-06-16 15:41:57] [INFO] [收到] 客户-赵曦(客户-赵曦) [文本]: '哈喽哈喽'
[2026-06-16 15:41:57] [INFO] [MqttWorker:浊浪测试] 转发微信消息 -> wechat/wx_001/wechat-1b77646f [客户-赵曦] role=浊浪测试
[2026-06-16 15:43:33] [INFO] [MqttWorker] 消息适配 -> event=wechat_message
[2026-06-16 15:43:33] [INFO] [MqttWorker:浊浪测试] 收到任务 topic=agent/zhuolang/wx_001 role=浊浪测试
[2026-06-16 15:43:33] [INFO] [MqttWorker] 执行任务 [send_text] event=wechat_message correlationId=wechat-1b77646f
[2026-06-16 15:43:33] [WARNING] [MqttWorker] 联系人解析未命中 '客户-赵曦'，回退直接使用原 target
[2026-06-16 15:43:34] [INFO] [MqttWorker:浊浪测试] 回调发布 成功 topic=wechat/wx_001/wechat-1b77646f
[2026-06-16 15:43:35] [INFO] [收到] 客户-赵曦(客户-赵曦) [文本]: '哈喽！刚在忙，最近生意咋样？有啥需要？'
[2026-06-16 15:43:35] [INFO] [MqttWorker:浊浪测试] 转发微信消息 -> wechat/wx_001/wechat-8c001c1e [客户-赵曦] role=浊浪测试
[2026-06-16 15:44:51] [INFO] [收到] 客户-赵曦(客户-赵曦) [文本]: '我问你百香果咋卖呢'
[2026-06-16 15:44:51] [INFO] [MqttWorker:浊浪测试] 转发微信消息 -> wechat/wx_001/wechat-f6a50d40 [客户-赵曦] role=浊浪测试
[2026-06-16 15:46:50] [INFO] [收到] 客户-赵曦(客户-赵曦) [文本]: '你咋不回复'
[2026-06-16 15:46:50] [INFO] [MqttWorker:浊浪测试] 转发微信消息 -> wechat/wx_001/wechat-983b7f20 [客户-赵曦] role=浊浪测试
[2026-06-16 15:50:53] [INFO] [MqttWorker] 消息适配 -> event=wechat_message
[2026-06-16 15:50:53] [INFO] [MqttWorker:浊浪测试] 收到任务 topic=agent/zhuolang/wx_001 role=浊浪测试
[2026-06-16 15:50:53] [INFO] [MqttWorker] 执行任务 [send_text] event=wechat_message correlationId=wechat-983b7f20
[2026-06-16 15:50:53] [WARNING] [MqttWorker] 联系人解析未命中 '客户-赵曦'，回退直接使用原 target
[2026-06-16 15:50:54] [INFO] [MqttWorker:浊浪测试] 回调发布 成功 topic=wechat/wx_001/wechat-983b7f20
[2026-06-16 15:50:59] [INFO] [收到] 客户-赵曦(客户-赵曦) [文本]: '百香果155一桶20L，普卡112，钻石98。果味系列最好卖的，2.5度女士最爱，酸甜爽口。你要几桶？'
[2026-06-16 15:50:59] [INFO] [MqttWorker:浊浪测试] 转发微信消息 -> wechat/wx_001/wechat-cbeba63e [客户-赵曦] role=浊浪测试
[2026-06-16 15:53:20] [INFO] [收到] 客户-赵曦(客户-赵曦) [文本]: '两桶包邮不'
[2026-06-16 15:53:20] [INFO] [MqttWorker:浊浪测试] 转发微信消息 -> wechat/wx_001/wechat-0aaaf0ec [客户-赵曦] role=浊浪测试
[2026-06-16 15:54:11] [INFO] [MqttWorker] 消息适配 -> event=wechat_message
[2026-06-16 15:54:11] [INFO] [MqttWorker:浊浪测试] 收到任务 topic=agent/zhuolang/wx_001 role=浊浪测试
[2026-06-16 15:54:11] [INFO] [MqttWorker] 执行任务 [send_text] event=wechat_message correlationId=wechat-0aaaf0ec
[2026-06-16 15:54:11] [WARNING] [MqttWorker] 联系人解析未命中 '客户-赵曦'，回退直接使用原 target
[2026-06-16 15:54:12] [INFO] [MqttWorker:浊浪测试] 回调发布 成功 topic=wechat/wx_001/wechat-0aaaf0ec
[2026-06-16 15:54:15] [INFO] [收到] 客户-赵曦(客户-赵曦) [文本]: '两桶不包邮老板，一桶运费26，5桶起免。你在哪个城市？'
[2026-06-16 15:54:15] [INFO] [MqttWorker:浊浪测试] 转发微信消息 -> wechat/wx_001/wechat-d2de7801 [客户-赵曦] role=浊浪测试
[2026-06-16 15:54:36] [INFO] [收到] 客户-赵曦(客户-赵曦) [文本]: '我在日版'
[2026-06-16 15:54:36] [INFO] [MqttWorker:浊浪测试] 转发微信消息 -> wechat/wx_001/wechat-724fe550 [客户-赵曦] role=浊浪测试
[2026-06-16 15:54:53] [INFO] [MqttWorker] 消息适配 -> event=wechat_message
[2026-06-16 15:54:53] [INFO] [MqttWorker:浊浪测试] 收到任务 topic=agent/zhuolang/wx_001 role=浊浪测试
[2026-06-16 15:54:53] [INFO] [MqttWorker] 执行任务 [send_text] event=wechat_message correlationId=wechat-724fe550
[2026-06-16 15:54:53] [WARNING] [MqttWorker] 联系人解析未命中 '客户-赵曦'，回退直接使用原 target
[2026-06-16 15:54:54] [INFO] [MqttWorker:浊浪测试] 回调发布 成功 topic=wechat/wx_001/wechat-724fe550
[2026-06-16 15:54:58] [INFO] [收到] 客户-赵曦(客户-赵曦) [文本]: '宝鸡，两桶运费52，凑5桶免邮。要发几桶？'
[2026-06-16 15:54:58] [INFO] [MqttWorker:浊浪测试] 转发微信消息 -> wechat/wx_001/wechat-38edb1aa [客户-赵曦] role=浊浪测试
[2026-06-16 15:55:16] [INFO] [MqttWorker] 消息适配 -> event=wechat_message
[2026-06-16 15:55:16] [INFO] [MqttWorker:浊浪测试] 收到任务 topic=agent/zhuolang/wx_001 role=浊浪测试
[2026-06-16 15:55:16] [INFO] [MqttWorker] 执行任务 [send_text] event=wechat_message correlationId=wechat-38edb1aa
[2026-06-16 15:55:16] [WARNING] [MqttWorker] 联系人解析未命中 '客户-赵曦'，回退直接使用原 target
[2026-06-16 15:55:17] [INFO] [MqttWorker:浊浪测试] 回调发布 成功 topic=wechat/wx_001/wechat-38edb1aa
[2026-06-16 15:55:20] [INFO] [收到] 客户-赵曦(客户-赵曦) [文本]: '我不在宝鸡我在日本'
[2026-06-16 15:55:20] [INFO] [MqttWorker:浊浪测试] 转发微信消息 -> wechat/wx_001/wechat-f48d41db [客户-赵曦] role=浊浪测试
[2026-06-16 15:55:20] [INFO] [收到] 客户-赵曦(客户-赵曦) [文本]: '5桶免邮划算啊，多拿3桶运费就省了52，给你发5桶？'
[2026-06-16 15:55:20] [INFO] [MqttWorker:浊浪测试] 转发微信消息 -> wechat/wx_001/wechat-20dc6523 [客户-赵曦] role=浊浪测试
[2026-06-16 15:55:33] [INFO] [MqttWorker] 消息适配 -> event=wechat_message
[2026-06-16 15:55:33] [INFO] [MqttWorker:浊浪测试] 收到任务 topic=agent/zhuolang/wx_001 role=浊浪测试
[2026-06-16 15:55:33] [INFO] [MqttWorker] 执行任务 [send_text] event=wechat_message correlationId=wechat-20dc6523
[2026-06-16 15:55:33] [WARNING] [MqttWorker] 联系人解析未命中 '客户-赵曦'，回退直接使用原 target
[2026-06-16 15:55:34] [INFO] [MqttWorker:浊浪测试] 回调发布 成功 topic=wechat/wx_001/wechat-20dc6523
[2026-06-16 15:55:41] [INFO] [收到] 客户-赵曦(客户-赵曦) [文本]: '跑日本去了？潇洒啊。啥时候回来，新批次的IPA给你留着尝尝'
[2026-06-16 15:55:41] [INFO] [MqttWorker:浊浪测试] 转发微信消息 -> wechat/wx_001/wechat-fc6bbea1 [客户-赵曦] role=浊浪测试
[2026-06-16 15:55:44] [INFO] [MqttWorker] 消息适配 -> event=wechat_message
[2026-06-16 15:55:44] [INFO] [MqttWorker:浊浪测试] 收到任务 topic=agent/zhuolang/wx_001 role=浊浪测试
[2026-06-16 15:55:44] [INFO] [MqttWorker] 执行任务 [send_text] event=wechat_message correlationId=wechat-fc6bbea1
[2026-06-16 15:55:44] [WARNING] [MqttWorker] 联系人解析未命中 '客户-赵曦'，回退直接使用原 target
[2026-06-16 15:55:45] [INFO] [MqttWorker:浊浪测试] 回调发布 成功 topic=wechat/wx_001/wechat-fc6bbea1
[2026-06-16 15:55:51] [INFO] [MqttWorker] 消息适配 -> event=wechat_message
[2026-06-16 15:55:51] [INFO] [MqttWorker:浊浪测试] 忽略重复消息 correlationId=wechat-fc6bbea1
[2026-06-16 15:55:52] [INFO] [收到] 客户-赵曦(客户-赵曦) [文本]: '在日本呢老板，国内收货地址发我一个'
[2026-06-16 15:55:52] [INFO] [MqttWorker:浊浪测试] 转发微信消息 -> wechat/wx_001/wechat-1710af8d [客户-赵曦] role=浊浪测试
[2026-06-16 15:55:52] [INFO] [收到] 客户-赵曦(客户-赵曦) [文本]: '能发到日本吗'
[2026-06-16 15:55:52] [INFO] [MqttWorker:浊浪测试] 转发微信消息 -> wechat/wx_001/wechat-daf5b867 [客户-赵曦] role=浊浪测试
[2026-06-16 15:56:16] [INFO] [MqttWorker] 消息适配 -> event=wechat_message
[2026-06-16 15:56:16] [INFO] [MqttWorker:浊浪测试] 收到任务 topic=agent/zhuolang/wx_001 role=浊浪测试
[2026-06-16 15:56:16] [INFO] [MqttWorker] 执行任务 [send_text] event=wechat_message correlationId=wechat-daf5b867
[2026-06-16 15:56:16] [WARNING] [MqttWorker] 联系人解析未命中 '客户-赵曦'，回退直接使用原 target
[2026-06-16 15:56:17] [INFO] [MqttWorker:浊浪测试] 回调发布 成功 topic=wechat/wx_001/wechat-daf5b867
[2026-06-16 15:56:18] [INFO] [MqttWorker] 消息适配 -> event=wechat_message
[2026-06-16 15:56:18] [INFO] [MqttWorker:浊浪测试] 忽略重复消息 correlationId=wechat-daf5b867
[2026-06-16 15:56:24] [INFO] [收到] 客户-赵曦(客户-赵曦) [文本]: '哈哈没跑日本，一直在西安忙。新IPA给你留了两桶，随时来拿。'
[2026-06-16 15:56:24] [INFO] [MqttWorker:浊浪测试] 转发微信消息 -> wechat/wx_001/wechat-2d8e8c84 [客户-赵曦] role=浊浪测试
[2026-06-16 15:56:34] [INFO] [MqttWorker] 消息适配 -> event=wechat_message
[2026-06-16 15:56:34] [INFO] [MqttWorker:浊浪测试] 收到任务 topic=agent/zhuolang/wx_001 role=浊浪测试
[2026-06-16 15:56:34] [INFO] [MqttWorker] 执行任务 [send_text] event=wechat_message correlationId=wechat-2d8e8c84
[2026-06-16 15:56:34] [WARNING] [MqttWorker] 联系人解析未命中 '客户-赵曦'，回退直接使用原 target
[2026-06-16 15:56:35] [INFO] [MqttWorker:浊浪测试] 回调发布 成功 topic=wechat/wx_001/wechat-2d8e8c84
[2026-06-16 15:56:36] [INFO] [收到] 客户-赵曦(客户-赵曦) [文本]: '浊浪酒厂宝鸡发货，具体地址发你定位。到了说一声，给你留两桶新货试试。'
[2026-06-16 15:56:36] [INFO] [MqttWorker:浊浪测试] 转发微信消息 -> wechat/wx_001/wechat-b162136a [客户-赵曦] role=浊浪测试
[2026-06-16 15:56:55] [INFO] [MqttWorker] 消息适配 -> event=wechat_message
[2026-06-16 15:56:55] [INFO] [MqttWorker:浊浪测试] 收到任务 topic=agent/zhuolang/wx_001 role=浊浪测试
[2026-06-16 15:56:55] [INFO] [MqttWorker] 执行任务 [send_text] event=wechat_message correlationId=wechat-b162136a
[2026-06-16 15:56:55] [WARNING] [MqttWorker] 联系人解析未命中 '客户-赵曦'，回退直接使用原 target
[2026-06-16 15:56:56] [INFO] [MqttWorker:浊浪测试] 回调发布 成功 topic=wechat/wx_001/wechat-b162136a
[2026-06-16 15:56:57] [INFO] [收到] 客户-赵曦(客户-赵曦) [文本]: '在西安就行，还以为你跑日本了哈哈。那两桶IPA给你留着呢，啥时候过来拿？'
[2026-06-16 15:56:57] [INFO] [MqttWorker:浊浪测试] 转发微信消息 -> wechat/wx_001/wechat-80dd00a2 [客户-赵曦] role=浊浪测试
[2026-06-16 15:57:08] [INFO] [MqttWorker] 消息适配 -> event=wechat_message
[2026-06-16 15:57:08] [INFO] [MqttWorker:浊浪测试] 收到任务 topic=agent/zhuolang/wx_001 role=浊浪测试
[2026-06-16 15:57:08] [INFO] [MqttWorker] 执行任务 [send_text] event=wechat_message correlationId=wechat-80dd00a2
[2026-06-16 15:57:08] [WARNING] [MqttWorker] 联系人解析未命中 '客户-赵曦'，回退直接使用原 target
[2026-06-16 15:57:09] [INFO] [MqttWorker:浊浪测试] 回调发布 成功 topic=wechat/wx_001/wechat-80dd00a2
[2026-06-16 15:57:19] [INFO] [收到] 客户-赵曦(客户-赵曦) [文本]: '收到老板，地址存了。到了第一时间通知你。两桶新货给我留好，必须尝尝！'
[2026-06-16 15:57:19] [INFO] [MqttWorker:浊浪测试] 转发微信消息 -> wechat/wx_001/wechat-6f136275 [客户-赵曦] role=浊浪测试
[2026-06-16 15:57:33] [INFO] [MqttWorker] 消息适配 -> event=wechat_message
[2026-06-16 15:57:33] [INFO] [MqttWorker:浊浪测试] 收到任务 topic=agent/zhuolang/wx_001 role=浊浪测试
[2026-06-16 15:57:33] [INFO] [MqttWorker] 执行任务 [send_text] event=wechat_message correlationId=wechat-6f136275
[2026-06-16 15:57:33] [WARNING] [MqttWorker] 联系人解析未命中 '客户-赵曦'，回退直接使用原 target
[2026-06-16 15:57:34] [INFO] [MqttWorker:浊浪测试] 回调发布 成功 topic=wechat/wx_001/wechat-6f136275
[2026-06-16 15:57:41] [INFO] [收到] 客户-赵曦(客户-赵曦) [文本]: '放心老板，两桶锁死了，到货当天就安排，等我消息。'
[2026-06-16 15:57:41] [INFO] [MqttWorker:浊浪测试] 转发微信消息 -> wechat/wx_001/wechat-f870277d [客户-赵曦] role=浊浪测试
[2026-06-16 15:57:56] [INFO] [MqttWorker] 消息适配 -> event=wechat_message
[2026-06-16 15:57:56] [INFO] [MqttWorker:浊浪测试] 收到任务 topic=agent/zhuolang/wx_001 role=浊浪测试
[2026-06-16 15:57:56] [INFO] [MqttWorker] 执行任务 [send_text] event=wechat_message correlationId=wechat-f870277d
[2026-06-16 15:57:56] [WARNING] [MqttWorker] 联系人解析未命中 '客户-赵曦'，回退直接使用原 target
[2026-06-16 15:57:56] [INFO] [MqttWorker:浊浪测试] 回调发布 成功 topic=wechat/wx_001/wechat-f870277d
[2026-06-16 15:58:02] [INFO] [收到] 客户-赵曦(客户-赵曦) [文本]: '哈哈跑日本干啥，生意在这呢。两桶浑浊IPA给你留着呢，明天送过去？'
[2026-06-16 15:58:02] [INFO] [MqttWorker:浊浪测试] 转发微信消息 -> wechat/wx_001/wechat-951f4f9a [客户-赵曦] role=浊浪测试
[2026-06-16 15:58:07] [INFO] [MqttWorker] 消息适配 -> event=wechat_message
[2026-06-16 15:58:07] [INFO] [MqttWorker:浊浪测试] 收到任务 topic=agent/zhuolang/wx_001 role=浊浪测试
[2026-06-16 15:58:07] [INFO] [MqttWorker] 执行任务 [send_text] event=wechat_message correlationId=wechat-951f4f9a
[2026-06-16 15:58:07] [WARNING] [MqttWorker] 联系人解析未命中 '客户-赵曦'，回退直接使用原 target
[2026-06-16 15:58:07] [INFO] [MqttWorker:浊浪测试] 回调发布 成功 topic=wechat/wx_001/wechat-951f4f9a
[2026-06-16 15:58:13] [INFO] [收到] 客户-赵曦(客户-赵曦) [文本]: '好嘞老板，两桶锁死，到货当天安排。等你消息 👍'
[2026-06-16 15:58:13] [INFO] [MqttWorker:浊浪测试] 转发微信消息 -> wechat/wx_001/wechat-a53408d7 [客户-赵曦] role=浊浪测试
[2026-06-16 15:58:17] [INFO] [MqttWorker] 消息适配 -> event=wechat_message
[2026-06-16 15:58:17] [INFO] [MqttWorker:浊浪测试] 忽略重复消息 correlationId=wechat-951f4f9a
[2026-06-16 15:58:46] [INFO] [收到] 客户-赵曦(客户-赵曦) [文本]: '你子啊干啥'
[2026-06-16 15:58:46] [INFO] [MqttWorker:浊浪测试] 转发微信消息 -> wechat/wx_001/wechat-c9dc6e98 [客户-赵曦] role=浊浪测试
[2026-06-16 15:59:04] [INFO] [MqttWorker] 消息适配 -> event=wechat_message
[2026-06-16 15:59:04] [INFO] [MqttWorker:浊浪测试] 收到任务 topic=agent/zhuolang/wx_001 role=浊浪测试
[2026-06-16 15:59:04] [INFO] [MqttWorker] 执行任务 [send_text] event=wechat_message correlationId=wechat-c9dc6e98
[2026-06-16 15:59:04] [WARNING] [MqttWorker] 联系人解析未命中 '客户-赵曦'，回退直接使用原 target
[2026-06-16 15:59:05] [INFO] [MqttWorker:浊浪测试] 回调发布 成功 topic=wechat/wx_001/wechat-c9dc6e98
[2026-06-16 15:59:08] [INFO] [收到] 客户-赵曦(客户-赵曦) [文本]: '在仓库盘货呢，刚到了批新IPA，给你留两桶试试？'
[2026-06-16 15:59:08] [INFO] [MqttWorker:浊浪测试] 转发微信消息 -> wechat/wx_001/wechat-b7b68606 [客户-赵曦] role=浊浪测试
[2026-06-16 15:59:22] [INFO] [MqttWorker] 消息适配 -> event=wechat_message
[2026-06-16 15:59:22] [INFO] [MqttWorker:浊浪测试] 收到任务 topic=agent/zhuolang/wx_001 role=浊浪测试
[2026-06-16 15:59:22] [INFO] [MqttWorker] 执行任务 [send_text] event=wechat_message correlationId=wechat-b7b68606
[2026-06-16 15:59:22] [WARNING] [MqttWorker] 联系人解析未命中 '客户-赵曦'，回退直接使用原 target
[2026-06-16 15:59:23] [INFO] [MqttWorker:浊浪测试] 回调发布 成功 topic=wechat/wx_001/wechat-b7b68606
[2026-06-16 15:59:29] [INFO] [MqttWorker] 消息适配 -> event=ping
[2026-06-16 15:59:29] [INFO] [MqttWorker:浊浪测试] 收到任务 topic=agent/zhuolang/wx_001 role=浊浪测试
[2026-06-16 15:59:29] [INFO] [MqttWorker] 执行任务 [ping] event=ping correlationId=eaf87eec
[2026-06-16 15:59:29] [INFO] [MqttWorker:浊浪测试] 回调发布 成功 topic=wechat/wx_001/eaf87eec
[2026-06-16 15:59:29] [INFO] [MqttWorker] 消息适配 -> event=add_friend
[2026-06-16 15:59:29] [INFO] [MqttWorker:浊浪测试] 收到任务 topic=agent/zhuolang/wx_001 role=浊浪测试
[2026-06-16 15:59:29] [INFO] [MqttWorker] 执行任务 [add_friend] event=add_friend correlationId=3aa0652f
[2026-06-16 15:59:30] [INFO] [收到] 客户-赵曦(客户-赵曦) [文本]: '哈哈赵老板够意思，正好店里IPA快见底了。两桶都要，明天我过去拉还是你那边方便送？'
[2026-06-16 15:59:30] [INFO] [MqttWorker:浊浪测试] 转发微信消息 -> wechat/wx_001/wechat-64182ed4 [客户-赵曦] role=浊浪测试
[2026-06-16 15:59:35] [INFO] [MqttWorker:浊浪测试] 回调发布 成功 topic=wechat/wx_001/3aa0652f
[2026-06-16 15:59:51] [INFO] [MqttWorker] 消息适配 -> event=ping
[2026-06-16 15:59:51] [INFO] [MqttWorker:浊浪测试] 收到任务 topic=agent/zhuolang/wx_001 role=浊浪测试
[2026-06-16 15:59:51] [INFO] [MqttWorker] 执行任务 [ping] event=ping correlationId=4b534880
[2026-06-16 15:59:51] [INFO] [MqttWorker:浊浪测试] 回调发布 成功 topic=wechat/wx_001/4b534880
[2026-06-16 15:59:52] [INFO] [MqttWorker] 消息适配 -> event=add_friend
[2026-06-16 15:59:52] [INFO] [MqttWorker:浊浪测试] 收到任务 topic=agent/zhuolang/wx_001 role=浊浪测试
[2026-06-16 15:59:52] [INFO] [MqttWorker] 执行任务 [add_friend] event=add_friend correlationId=06f560ea
[2026-06-16 15:59:55] [INFO] [MqttWorker] 好友请求已发送: bb15129562650
[2026-06-16 15:59:55] [WARNING] [MqttWorker] pyweixin 暂不支持 tags/朋友圈权限，已跳过（已知 gap）
[2026-06-16 15:59:55] [INFO] [MqttWorker] 已将 李小白 加入监听列表
[2026-06-16 15:59:55] [INFO] [MqttWorker:浊浪测试] 回调发布 成功 topic=wechat/wx_001/06f560ea
[2026-06-16 15:59:55] [INFO] [MqttWorker:浊浪测试] 已将 李小白 加入 浊浪测试 的转发联系人
[2026-06-16 15:59:55] [INFO] [MqttWorker:浊浪测试] 已保存 浊浪测试 的转发联系人
[2026-06-16 15:59:58] [INFO] [MqttWorker] 消息适配 -> event=wechat_message
[2026-06-16 15:59:58] [INFO] [MqttWorker:浊浪测试] 收到任务 topic=agent/zhuolang/wx_001 role=浊浪测试
[2026-06-16 15:59:58] [INFO] [MqttWorker] 执行任务 [send_text] event=wechat_message correlationId=wechat-64182ed4
[2026-06-16 15:59:58] [WARNING] [MqttWorker] 联系人解析未命中 '客户-赵曦'，回退直接使用原 target
[2026-06-16 15:59:58] [INFO] [MqttWorker:浊浪测试] 回调发布 成功 topic=wechat/wx_001/wechat-64182ed4
[2026-06-16 16:00:03] [INFO] [收到] 客户-赵曦(客户-赵曦) [文本]: '收到老板，两桶IPA明天给你送过去。地址没变吧？'
[2026-06-16 16:00:57] [INFO] 检测到 1 条新消息
[2026-06-16 16:01:01] [INFO] [收到] 李小白(李小白) [文本]: '我通过了你的朋友验证请求，现在我们可以开始聊天了'
[2026-06-16 16:01:01] [INFO] [MqttWorker:浊浪测试] 转发微信消息 -> wechat/wx_001/wechat-afdc6322 [李小白] role=浊浪测试
[2026-06-16 16:01:22] [INFO] [MqttWorker] 消息适配 -> event=wechat_message
[2026-06-16 16:01:22] [INFO] [MqttWorker:浊浪测试] 收到任务 topic=agent/zhuolang/wx_001 role=浊浪测试
[2026-06-16 16:01:22] [INFO] [MqttWorker] 执行任务 [send_text] event=wechat_message correlationId=wechat-afdc6322
[2026-06-16 16:01:22] [WARNING] [MqttWorker] 联系人解析未命中 '李小白'，回退直接使用原 target
[2026-06-16 16:01:23] [INFO] [MqttWorker:浊浪测试] 回调发布 成功 topic=wechat/wx_001/wechat-afdc6322
[2026-06-16 16:01:34] [INFO] [收到] 李小白(李小白) [文本]: '李老板好，浊浪精酿阿浊。通过了就自己人，以后要酒随时找我，报价发货一条龙到位 🍻'
[2026-06-16 16:01:34] [INFO] [MqttWorker:浊浪测试] 转发微信消息 -> wechat/wx_001/wechat-4e31ba29 [李小白] role=浊浪测试
[2026-06-16 16:01:44] [INFO] [收到] 李小白(李小白) [文本]: '报价'
[2026-06-16 16:01:44] [INFO] [MqttWorker:浊浪测试] 转发微信消息 -> wechat/wx_001/wechat-d2fb77fd [李小白] role=浊浪测试
[2026-06-16 16:01:45] [INFO] 检测到 1 条新消息
[2026-06-16 16:01:49] [INFO] [收到] 客户-赵曦(客户-赵曦) [文本]: '你给我送哪儿去'
[2026-06-16 16:02:16] [INFO] [MqttWorker] 消息适配 -> event=wechat_message
[2026-06-16 16:02:16] [INFO] [MqttWorker:浊浪测试] 收到任务 topic=agent/zhuolang/wx_001 role=浊浪测试
[2026-06-16 16:02:16] [INFO] [MqttWorker] 执行任务 [send_text] event=wechat_message correlationId=wechat-d2fb77fd
[2026-06-16 16:02:16] [WARNING] [MqttWorker] 联系人解析未命中 '李小白'，回退直接使用原 target
[2026-06-16 16:02:18] [INFO] [MqttWorker:浊浪测试] 回调发布 成功 topic=wechat/wx_001/wechat-d2fb77fd
[2026-06-16 16:02:21] [INFO] [收到] 客户-赵曦(客户-赵曦) [文本]: '李老板好，浊浪精酿阿浊。通过了就自己人，以后要酒随时找我，报价发货一条龙到位 🍻'
[2026-06-16 16:02:25] [INFO] [MqttWorker] 消息适配 -> event=wechat_message
[2026-06-16 16:02:25] [INFO] [MqttWorker:浊浪测试] 忽略重复消息 correlationId=wechat-d2fb77fd
[2026-06-16 16:02:32] [INFO] [收到] 客户-赵曦(客户-赵曦) [文本]: '报价'
[2026-06-16 16:02:53] [INFO] [MqttWorker] 消息适配 -> event=post_moments
[2026-06-16 16:02:53] [INFO] [MqttWorker:浊浪测试] 收到任务 topic=agent/zhuolang/wx_001 role=浊浪测试
[2026-06-16 16:02:53] [INFO] [MqttWorker] 执行任务 [post_moments] event=post_moments correlationId=022e0e07
[2026-06-16 16:02:56] [INFO] [MqttWorker] 朋友圈已发布 文案6字 媒体0个
[2026-06-16 16:02:56] [INFO] [MqttWorker:浊浪测试] 回调发布 成功 topic=wechat/wx_001/022e0e07
[2026-06-16 16:03:00] [INFO] [MqttWorker] 消息适配 -> event=get_friend_details
[2026-06-16 16:03:00] [INFO] [MqttWorker:浊浪测试] 收到任务 topic=agent/zhuolang/wx_001 role=浊浪测试
[2026-06-16 16:03:00] [INFO] [MqttWorker] 执行任务 [get_friend_details] event=get_friend_details correlationId=74704ba8
[2026-06-16 16:03:10] [INFO] [MqttWorker:浊浪测试] 回调发布 成功 topic=wechat/wx_001/74704ba8
[2026-06-16 16:03:10] [INFO] [MqttWorker] 消息适配 -> event=wechat_message
[2026-06-16 16:03:10] [INFO] [MqttWorker:浊浪测试] 收到任务 topic=agent/zhuolang/wx_001 role=浊浪测试
[2026-06-16 16:03:10] [INFO] [MqttWorker] 执行任务 [send_text] event=wechat_message correlationId=4359ab6b
[2026-06-16 16:03:10] [WARNING] [MqttWorker] 联系人解析未命中 '李小白'，回退直接使用原 target
[2026-06-16 16:03:10] [INFO] [MqttWorker] 正在下载文件: https://minio-uat.frp.datamavin.cn/wbot-zhuolang/static/price_list.png
[2026-06-16 16:03:12] [INFO] [MqttWorker] 文件下载完成: C:\Users\Admin\AppData\Local\Temp\price_list.png (74797 bytes)
[2026-06-16 16:03:13] [INFO] [MqttWorker:浊浪测试] 回调发布 成功 topic=wechat/wx_001/4359ab6b
[2026-06-16 16:03:17] [INFO] [收到] 客户-赵曦(客户-赵曦) [图片]: '图片'
[2026-06-16 16:03:17] [INFO] [收到] 客户-赵曦(客户-赵曦) [文本]: '浊浪精酿报价单'
[2026-06-16 16:06:02] [INFO] [MqttWorker] 消息适配 -> event=wechat_message
[2026-06-16 16:06:02] [INFO] [MqttWorker:浊浪测试] 收到任务 topic=agent/zhuolang/wx_001 role=浊浪测试
[2026-06-16 16:06:02] [INFO] [MqttWorker] 执行任务 [send_text] event=wechat_message correlationId=c311be95
[2026-06-16 16:06:02] [INFO] [MqttWorker] 联系人解析: 王小娟 → 达人-王小娟 (matched_by=substring)
[2026-06-16 16:06:05] [ERROR] [MqttWorker] 任务执行异常 [send_text]: 好友或群聊备注有误！查无此人！
[2026-06-16 16:06:05] [INFO] [MqttWorker:浊浪测试] 回调发布 成功 topic=wechat/wx_001/c311be95
[2026-06-16 16:06:12] [INFO] [MqttWorker] 消息适配 -> event=wechat_message
[2026-06-16 16:06:12] [INFO] [MqttWorker:浊浪测试] 收到任务 topic=agent/zhuolang/wx_001 role=浊浪测试
[2026-06-16 16:06:12] [INFO] [MqttWorker] 执行任务 [send_text] event=wechat_message correlationId=b22fd69f
[2026-06-16 16:06:12] [INFO] [MqttWorker] 联系人解析: 达人-王小娟 → 达人-王小娟 (matched_by=remark)
[2026-06-16 16:06:15] [ERROR] [MqttWorker] 任务执行异常 [send_text]: 好友或群聊备注有误！查无此人！
[2026-06-16 16:06:15] [INFO] [MqttWorker:浊浪测试] 回调发布 成功 topic=wechat/wx_001/b22fd69f
[2026-06-16 16:06:23] [INFO] [MqttWorker] 消息适配 -> event=wechat_message
[2026-06-16 16:06:23] [INFO] [MqttWorker:浊浪测试] 收到任务 topic=agent/zhuolang/wx_001 role=浊浪测试
[2026-06-16 16:06:23] [INFO] [MqttWorker] 执行任务 [send_text] event=wechat_message correlationId=66858077
[2026-06-16 16:06:23] [INFO] [MqttWorker] 联系人解析: 小娟 → 达人-王小娟 (matched_by=nickname)
[2026-06-16 16:06:26] [ERROR] [MqttWorker] 任务执行异常 [send_text]: 好友或群聊备注有误！查无此人！
[2026-06-16 16:06:26] [INFO] [MqttWorker:浊浪测试] 回调发布 成功 topic=wechat/wx_001/66858077
[2026-06-16 16:06:27] [INFO] [MqttWorker] 消息适配 -> event=wechat_message
[2026-06-16 16:06:27] [INFO] [MqttWorker:浊浪测试] 收到任务 topic=agent/zhuolang/wx_001 role=浊浪测试
[2026-06-16 16:06:27] [INFO] [MqttWorker] 执行任务 [send_text] event=wechat_message correlationId=4a5934df
[2026-06-16 16:06:27] [INFO] [MqttWorker] 联系人解析: 达人-王小娟 → 达人-王小娟 (matched_by=remark)
[2026-06-16 16:06:30] [ERROR] [MqttWorker] 任务执行异常 [send_text]: 好友或群聊备注有误！查无此人！
[2026-06-16 16:06:30] [INFO] [MqttWorker:浊浪测试] 回调发布 成功 topic=wechat/wx_001/4a5934df
[2026-06-16 16:06:31] [INFO] [MqttWorker] 消息适配 -> event=wechat_message
[2026-06-16 16:06:31] [INFO] [MqttWorker:浊浪测试] 收到任务 topic=agent/zhuolang/wx_001 role=浊浪测试
[2026-06-16 16:06:31] [INFO] [MqttWorker] 执行任务 [send_text] event=wechat_message correlationId=9ab47d6e
[2026-06-16 16:06:31] [INFO] [MqttWorker] 联系人解析: 王小娟 → 达人-王小娟 (matched_by=substring)
[2026-06-16 16:06:34] [ERROR] [MqttWorker] 任务执行异常 [send_text]: 好友或群聊备注有误！查无此人！
[2026-06-16 16:06:34] [INFO] [MqttWorker:浊浪测试] 回调发布 成功 topic=wechat/wx_001/9ab47d6e
[2026-06-16 16:06:35] [INFO] [MqttWorker] 消息适配 -> event=wechat_message
[2026-06-16 16:06:35] [INFO] [MqttWorker:浊浪测试] 收到任务 topic=agent/zhuolang/wx_001 role=浊浪测试
[2026-06-16 16:06:35] [INFO] [MqttWorker] 执行任务 [send_text] event=wechat_message correlationId=11f1943e
[2026-06-16 16:06:35] [INFO] [MqttWorker] 联系人解析: juan6716 → 达人-王小娟 (matched_by=wxid)
[2026-06-16 16:06:38] [ERROR] [MqttWorker] 任务执行异常 [send_text]: 好友或群聊备注有误！查无此人！
[2026-06-16 16:06:38] [INFO] [MqttWorker:浊浪测试] 回调发布 成功 topic=wechat/wx_001/11f1943e
[2026-06-16 16:06:58] [INFO] [MqttWorker] 消息适配 -> event=refresh_contacts
[2026-06-16 16:06:58] [INFO] [MqttWorker:浊浪测试] 收到任务 topic=agent/zhuolang/wx_001 role=浊浪测试
[2026-06-16 16:06:58] [INFO] [MqttWorker] 执行任务 [refresh_contacts] event=refresh_contacts correlationId=9cd10d50
[2026-06-16 16:06:58] [INFO] [MqttWorker] 全量刷新联系人缓存（超时 300s）...
[2026-06-16 16:07:05] [INFO] [MqttWorker] 联系人缓存已更新: 15 人 (耗时 6.4s)
[2026-06-16 16:07:05] [INFO] [MqttWorker:浊浪测试] 回调发布 成功 topic=wechat/wx_001/9cd10d50
[2026-06-16 16:07:06] [INFO] [MqttWorker] 消息适配 -> event=wechat_message
[2026-06-16 16:07:06] [INFO] [MqttWorker:浊浪测试] 收到任务 topic=agent/zhuolang/wx_001 role=浊浪测试
[2026-06-16 16:07:06] [INFO] [MqttWorker] 执行任务 [send_text] event=wechat_message correlationId=d50761cb
[2026-06-16 16:07:06] [INFO] [MqttWorker] 联系人解析: 小娟 → 王小娟 (matched_by=nickname)
[2026-06-16 16:07:08] [INFO] [MqttWorker:浊浪测试] 回调发布 成功 topic=wechat/wx_001/d50761cb
[2026-06-16 16:07:09] [INFO] [MqttWorker] 消息适配 -> event=wechat_message
[2026-06-16 16:07:09] [INFO] [MqttWorker:浊浪测试] 收到任务 topic=agent/zhuolang/wx_001 role=浊浪测试
[2026-06-16 16:07:09] [INFO] [MqttWorker] 执行任务 [send_text] event=wechat_message correlationId=d9ca510d
[2026-06-16 16:07:09] [WARNING] [MqttWorker] 联系人解析未命中 '达人-王小娟'，回退直接使用原 target
[2026-06-16 16:07:12] [ERROR] [MqttWorker] 任务执行异常 [send_text]: 好友或群聊备注有误！查无此人！
[2026-06-16 16:07:12] [INFO] [MqttWorker:浊浪测试] 回调发布 成功 topic=wechat/wx_001/d9ca510d
[2026-06-16 16:07:13] [INFO] [MqttWorker] 消息适配 -> event=wechat_message
[2026-06-16 16:07:13] [INFO] [MqttWorker:浊浪测试] 收到任务 topic=agent/zhuolang/wx_001 role=浊浪测试
[2026-06-16 16:07:13] [INFO] [MqttWorker] 执行任务 [send_text] event=wechat_message correlationId=a88129e8
[2026-06-16 16:07:13] [INFO] [MqttWorker] 联系人解析: juan6716 → 王小娟 (matched_by=wxid)
[2026-06-16 16:07:14] [INFO] [MqttWorker:浊浪测试] 回调发布 成功 topic=wechat/wx_001/a88129e8
[2026-06-16 16:07:17] [INFO] [收到] 客户-赵曦(客户-赵曦) [文本]: '测试'
[2026-06-16 16:07:22] [INFO] [MqttWorker] 消息适配 -> event=wechat_message
[2026-06-16 16:07:22] [INFO] [MqttWorker:浊浪测试] 收到任务 topic=agent/zhuolang/wx_001 role=浊浪测试
[2026-06-16 16:07:22] [INFO] [MqttWorker] 执行任务 [send_text] event=wechat_message correlationId=dcc55925
[2026-06-16 16:07:22] [INFO] [MqttWorker] 联系人解析: 小娟 → 王小娟 (matched_by=nickname)
[2026-06-16 16:07:23] [INFO] [MqttWorker:浊浪测试] 回调发布 成功 topic=wechat/wx_001/dcc55925
[2026-06-16 16:07:28] [INFO] [收到] 客户-赵曦(客户-赵曦) [文本]: '你在干啥呢，要不要来瓶精酿'
[2026-06-16 16:07:50] [INFO] 检测到 1 条新消息
[2026-06-16 16:07:53] [INFO] [收到] 客户-赵曦(客户-赵曦) [文本]: '问你话呢'
[2026-06-16 16:13:25] [INFO] [MqttWorker] 消息适配 -> event=wechat_message
[2026-06-16 16:13:25] [INFO] [MqttWorker:浊浪测试] 收到任务 topic=agent/zhuolang/wx_001 role=浊浪测试
[2026-06-16 16:13:25] [INFO] [MqttWorker] 执行任务 [send_text] event=wechat_message correlationId=9245c6e3
[2026-06-16 16:13:25] [INFO] [MqttWorker] 联系人解析: 客户-赵曦 → 客户-赵曦 (matched_by=remark)
[2026-06-16 16:13:26] [INFO] [MqttWorker:浊浪测试] 回调发布 成功 topic=wechat/wx_001/9245c6e3
[2026-06-16 16:13:30] [INFO] [收到] 客户-赵曦(客户-赵曦) [文本]: '赵老板，刚才消息没收到，你发的啥？重发一下'
[2026-06-16 16:16:02] [INFO] [MqttWorker] 消息适配 -> event=ping
[2026-06-16 16:16:02] [INFO] [MqttWorker:浊浪测试] 收到任务 topic=agent/zhuolang/wx_001 role=浊浪测试
[2026-06-16 16:16:02] [INFO] [MqttWorker] 执行任务 [ping] event=ping correlationId=438e537d
[2026-06-16 16:16:02] [INFO] [MqttWorker:浊浪测试] 回调发布 成功 topic=wechat/wx_001/438e537d
[2026-06-16 16:16:02] [INFO] [MqttWorker] 消息适配 -> event=add_friend
[2026-06-16 16:16:02] [INFO] [MqttWorker:浊浪测试] 收到任务 topic=agent/zhuolang/wx_001 role=浊浪测试
[2026-06-16 16:16:02] [INFO] [MqttWorker] 执行任务 [add_friend] event=add_friend correlationId=48e6940f
[2026-06-16 16:16:06] [INFO] [MqttWorker:浊浪测试] 回调发布 成功 topic=wechat/wx_001/48e6940f
[2026-06-16 16:16:09] [INFO] [MqttWorker] 消息适配 -> event=ping
[2026-06-16 16:16:09] [INFO] [MqttWorker:浊浪测试] 收到任务 topic=agent/zhuolang/wx_001 role=浊浪测试
[2026-06-16 16:16:09] [INFO] [MqttWorker] 执行任务 [ping] event=ping correlationId=1e70978c
[2026-06-16 16:16:09] [INFO] [MqttWorker:浊浪测试] 回调发布 成功 topic=wechat/wx_001/1e70978c
[2026-06-16 16:16:09] [INFO] [MqttWorker] 消息适配 -> event=add_friend
[2026-06-16 16:16:09] [INFO] [MqttWorker:浊浪测试] 收到任务 topic=agent/zhuolang/wx_001 role=浊浪测试
[2026-06-16 16:16:09] [INFO] [MqttWorker] 执行任务 [add_friend] event=add_friend correlationId=42bd067f
[2026-06-16 16:16:14] [INFO] [MqttWorker:浊浪测试] 回调发布 成功 topic=wechat/wx_001/42bd067f
[2026-06-16 16:21:31] [INFO] [MqttWorker] 消息适配 -> event=ping
[2026-06-16 16:21:31] [INFO] [MqttWorker:浊浪测试] 收到任务 topic=agent/zhuolang/wx_001 role=浊浪测试
[2026-06-16 16:21:31] [INFO] [MqttWorker] 执行任务 [ping] event=ping correlationId=b45aa704
[2026-06-16 16:21:31] [INFO] [MqttWorker:浊浪测试] 回调发布 成功 topic=wechat/wx_001/b45aa704
[2026-06-16 16:21:31] [INFO] [MqttWorker] 消息适配 -> event=add_friend
[2026-06-16 16:21:31] [INFO] [MqttWorker:浊浪测试] 收到任务 topic=agent/zhuolang/wx_001 role=浊浪测试
[2026-06-16 16:21:31] [INFO] [MqttWorker] 执行任务 [add_friend] event=add_friend correlationId=0116ea01
[2026-06-16 16:21:34] [INFO] [MqttWorker] 好友请求已发送: z1916246368
[2026-06-16 16:21:34] [WARNING] [MqttWorker] pyweixin 暂不支持 tags/朋友圈权限，已跳过（已知 gap）
[2026-06-16 16:21:34] [INFO] [MqttWorker] 已将 客户-赵曦 加入监听列表
[2026-06-16 16:21:34] [INFO] [MqttWorker:浊浪测试] 回调发布 成功 topic=wechat/wx_001/0116ea01
[2026-06-16 16:21:34] [INFO] [MqttWorker:浊浪测试] 已将 客户-赵曦 加入 浊浪测试 的转发联系人
[2026-06-16 16:21:34] [INFO] [MqttWorker:浊浪测试] 已保存 浊浪测试 的转发联系人
[2026-06-16 16:21:49] [INFO] [收到] 客户-赵曦(客户-赵曦) [文本]: '我通过了你的朋友验证请求，现在我们可以开始聊天了'
[2026-06-16 16:21:49] [INFO] [MqttWorker:浊浪测试] 转发微信消息 -> wechat/wx_001/wechat-412afd88 [客户-赵曦] role=浊浪测试
[2026-06-16 16:21:49] [INFO] [收到] 客户-赵曦(客户-赵曦) [文本]: '赵老板好，我是浊浪精酿阿浊'
[2026-06-16 16:21:49] [INFO] [MqttWorker:浊浪测试] 转发微信消息 -> wechat/wx_001/wechat-807ad248 [客户-赵曦] role=浊浪测试
[2026-06-16 16:22:18] [INFO] [MqttWorker] 消息适配 -> event=wechat_message
[2026-06-16 16:22:18] [INFO] [MqttWorker:浊浪测试] 收到任务 topic=agent/zhuolang/wx_001 role=浊浪测试
[2026-06-16 16:22:18] [INFO] [MqttWorker] 执行任务 [send_text] event=wechat_message correlationId=wechat-807ad248
[2026-06-16 16:22:18] [INFO] [MqttWorker] 联系人解析: 客户-赵曦 → 客户-赵曦 (matched_by=remark)
[2026-06-16 16:22:19] [INFO] [MqttWorker:浊浪测试] 回调发布 成功 topic=wechat/wx_001/wechat-807ad248
[2026-06-16 16:22:21] [INFO] [收到] 客户-赵曦(客户-赵曦) [文本]: '赵老板好，浊浪精酿的阿浊。你那边是做酒吧还是餐饮？'
[2026-06-16 16:22:21] [INFO] [MqttWorker:浊浪测试] 转发微信消息 -> wechat/wx_001/wechat-d9c3930b [客户-赵曦] role=浊浪测试
[2026-06-16 16:22:24] [INFO] [MqttWorker] 消息适配 -> event=wechat_message
[2026-06-16 16:22:24] [INFO] [MqttWorker:浊浪测试] 收到任务 topic=agent/zhuolang/wx_001 role=浊浪测试
[2026-06-16 16:22:24] [INFO] [MqttWorker] 执行任务 [send_text] event=wechat_message correlationId=wechat-d9c3930b
[2026-06-16 16:22:24] [INFO] [MqttWorker] 联系人解析: 客户-赵曦 → 客户-赵曦 (matched_by=remark)
[2026-06-16 16:22:25] [INFO] [MqttWorker:浊浪测试] 回调发布 成功 topic=wechat/wx_001/wechat-d9c3930b
[2026-06-16 16:22:32] [INFO] [收到] 客户-赵曦(客户-赵曦) [文本]: '赵总，浊浪阿浊。这批新到的IPA给你留两桶？口感干净不苦，上次你说好卖的款。'
[2026-06-16 16:22:32] [INFO] [MqttWorker:浊浪测试] 转发微信消息 -> wechat/wx_001/wechat-6112259f [客户-赵曦] role=浊浪测试
[2026-06-16 16:22:45] [INFO] [MqttWorker] 消息适配 -> event=wechat_message
[2026-06-16 16:22:45] [INFO] [MqttWorker:浊浪测试] 收到任务 topic=agent/zhuolang/wx_001 role=浊浪测试
[2026-06-16 16:22:45] [INFO] [MqttWorker] 执行任务 [send_text] event=wechat_message correlationId=wechat-6112259f
[2026-06-16 16:22:45] [INFO] [MqttWorker] 联系人解析: 客户-赵曦 → 客户-赵曦 (matched_by=remark)
[2026-06-16 16:22:46] [INFO] [MqttWorker:浊浪测试] 回调发布 成功 topic=wechat/wx_001/wechat-6112259f
[2026-06-16 16:22:54] [INFO] [收到] 客户-赵曦(客户-赵曦) [文本]: '酒吧餐饮都供，精酿桶装。老板你那边什么店？'
[2026-06-16 16:22:54] [INFO] [MqttWorker:浊浪测试] 转发微信消息 -> wechat/wx_001/wechat-f07ba32a [客户-赵曦] role=浊浪测试
[2026-06-16 16:23:11] [INFO] [MqttWorker] 消息适配 -> event=wechat_message
[2026-06-16 16:23:11] [INFO] [MqttWorker:浊浪测试] 收到任务 topic=agent/zhuolang/wx_001 role=浊浪测试
[2026-06-16 16:23:11] [INFO] [MqttWorker] 执行任务 [send_text] event=wechat_message correlationId=wechat-f07ba32a
[2026-06-16 16:23:11] [INFO] [MqttWorker] 联系人解析: 客户-赵曦 → 客户-赵曦 (matched_by=remark)
[2026-06-16 16:23:12] [INFO] [MqttWorker:浊浪测试] 回调发布 成功 topic=wechat/wx_001/wechat-f07ba32a
[2026-06-16 16:23:16] [INFO] [收到] 客户-赵曦(客户-赵曦) [文本]: '赵总，给你留两桶，这批IPA真不错，干净不苦。老价格，明天发？'
[2026-06-16 16:23:16] [INFO] [MqttWorker:浊浪测试] 转发微信消息 -> wechat/wx_001/wechat-f12e7aae [客户-赵曦] role=浊浪测试
[2026-06-16 16:23:25] [INFO] [MqttWorker] 消息适配 -> event=wechat_message
[2026-06-16 16:23:25] [INFO] [MqttWorker:浊浪测试] 收到任务 topic=agent/zhuolang/wx_001 role=浊浪测试
[2026-06-16 16:23:25] [INFO] [MqttWorker] 执行任务 [send_text] event=wechat_message correlationId=wechat-f12e7aae
[2026-06-16 16:23:25] [INFO] [MqttWorker] 联系人解析: 客户-赵曦 → 客户-赵曦 (matched_by=remark)
[2026-06-16 16:23:26] [INFO] [MqttWorker:浊浪测试] 回调发布 成功 topic=wechat/wx_001/wechat-f12e7aae
[2026-06-16 16:23:27] [INFO] [收到] 客户-赵曦(客户-赵曦) [文本]: '我是浊浪精酿的销售，做精酿桶装啤酒，4个系列20多款，都是20L装。老板你那边是酒吧还是餐厅？'
[2026-06-16 16:23:27] [INFO] [MqttWorker:浊浪测试] 转发微信消息 -> wechat/wx_001/wechat-7a117de4 [客户-赵曦] role=浊浪测试
[2026-06-16 16:24:19] [INFO] [MqttWorker] 消息适配 -> event=wechat_message
[2026-06-16 16:24:19] [INFO] [MqttWorker:浊浪测试] 收到任务 topic=agent/zhuolang/wx_001 role=浊浪测试
[2026-06-16 16:24:19] [INFO] [MqttWorker] 执行任务 [send_text] event=wechat_message correlationId=wechat-7a117de4
[2026-06-16 16:24:19] [INFO] [MqttWorker] 联系人解析: 客户-赵曦 → 客户-赵曦 (matched_by=remark)
[2026-06-16 16:24:20] [INFO] [MqttWorker:浊浪测试] 回调发布 成功 topic=wechat/wx_001/wechat-7a117de4
[2026-06-16 16:24:21] [INFO] [收到] 客户-赵曦(客户-赵曦) [文本]: '浊浪的阿浊。你那边是酒吧还是餐厅？我帮你看看哪些款合适。'
[2026-06-16 16:24:21] [INFO] [MqttWorker:浊浪测试] 转发微信消息 -> wechat/wx_001/wechat-426146e7 [客户-赵曦] role=浊浪测试
[2026-06-16 16:24:48] [INFO] [MqttWorker] 消息适配 -> event=wechat_message
[2026-06-16 16:24:48] [INFO] [MqttWorker:浊浪测试] 收到任务 topic=agent/zhuolang/wx_001 role=浊浪测试
[2026-06-16 16:24:48] [INFO] [MqttWorker] 执行任务 [send_text] event=wechat_message correlationId=wechat-426146e7
[2026-06-16 16:24:48] [INFO] [MqttWorker] 联系人解析: 客户-赵曦 → 客户-赵曦 (matched_by=remark)
[2026-06-16 16:24:49] [INFO] [MqttWorker:浊浪测试] 回调发布 成功 topic=wechat/wx_001/wechat-426146e7
[2026-06-16 16:24:54] [INFO] [收到] 客户-赵曦(客户-赵曦) [文本]: '发送失败 行，老价格，明天发。这批确实不错，干净。'
[2026-06-16 16:24:54] [INFO] [MqttWorker:浊浪测试] 转发微信消息 -> wechat/wx_001/wechat-60c9a617 [客户-赵曦] role=浊浪测试
[2026-06-16 16:24:54] [WARNING] ⚠️ 客户-赵曦 可能被删除: 'WIFI Baby开启了朋友验证，你还不是他（她）朋友。请先发送朋友验证请求，对方验证通过后，才能聊天。发送朋友验证'
[2026-06-16 16:25:08] [INFO] [MqttWorker] 消息适配 -> event=wechat_message
[2026-06-16 16:25:08] [INFO] [MqttWorker:浊浪测试] 收到任务 topic=agent/zhuolang/wx_001 role=浊浪测试
[2026-06-16 16:25:08] [INFO] [MqttWorker] 执行任务 [send_text] event=wechat_message correlationId=wechat-60c9a617
[2026-06-16 16:25:08] [INFO] [MqttWorker] 联系人解析: 客户-赵曦 → 客户-赵曦 (matched_by=remark)
[2026-06-16 16:25:09] [INFO] [MqttWorker:浊浪测试] 回调发布 成功 topic=wechat/wx_001/wechat-60c9a617
[2026-06-16 16:25:11] [INFO] [MqttWorker] 消息适配 -> event=wechat_message
[2026-06-16 16:25:11] [INFO] [MqttWorker:浊浪测试] 忽略重复消息 correlationId=wechat-60c9a617
[2026-06-16 16:25:15] [INFO] [收到] 客户-赵曦(客户-赵曦) [文本]: '发送失败 我是浊浪精酿销售，不是酒吧哈。你那边是酒吧还是餐厅？帮你看看哪些款合适。'
[2026-06-16 16:25:15] [INFO] [MqttWorker:浊浪测试] 转发微信消息 -> wechat/wx_001/wechat-c49ab8fe [客户-赵曦] role=浊浪测试
[2026-06-16 16:25:20] [INFO] [MqttWorker] 消息适配 -> event=ping
[2026-06-16 16:25:20] [INFO] [MqttWorker:浊浪测试] 收到任务 topic=agent/zhuolang/wx_001 role=浊浪测试
[2026-06-16 16:25:20] [INFO] [MqttWorker] 执行任务 [ping] event=ping correlationId=79331f35
[2026-06-16 16:25:20] [INFO] [MqttWorker:浊浪测试] 回调发布 成功 topic=wechat/wx_001/79331f35
[2026-06-16 16:25:20] [INFO] [MqttWorker] 消息适配 -> event=add_friend
[2026-06-16 16:25:20] [INFO] [MqttWorker:浊浪测试] 收到任务 topic=agent/zhuolang/wx_001 role=浊浪测试
[2026-06-16 16:25:20] [INFO] [MqttWorker] 执行任务 [add_friend] event=add_friend correlationId=c4c7a3b9
[2026-06-16 16:25:23] [INFO] [MqttWorker] 好友请求已发送: z1916246368
[2026-06-16 16:25:23] [WARNING] [MqttWorker] pyweixin 暂不支持 tags/朋友圈权限，已跳过（已知 gap）
[2026-06-16 16:25:23] [INFO] [MqttWorker] 已将 赵曦 加入监听列表
[2026-06-16 16:25:23] [INFO] [MqttWorker:浊浪测试] 回调发布 成功 topic=wechat/wx_001/c4c7a3b9
[2026-06-16 16:25:23] [INFO] [MqttWorker:浊浪测试] 已将 赵曦 加入 浊浪测试 的转发联系人
[2026-06-16 16:25:23] [INFO] [MqttWorker:浊浪测试] 已保存 浊浪测试 的转发联系人
[2026-06-16 16:26:23] [INFO] [MqttWorker] 消息适配 -> event=wechat_message
[2026-06-16 16:26:23] [INFO] [MqttWorker:浊浪测试] 收到任务 topic=agent/zhuolang/wx_001 role=浊浪测试
[2026-06-16 16:26:23] [INFO] [MqttWorker] 执行任务 [send_text] event=wechat_message correlationId=wechat-c49ab8fe
[2026-06-16 16:26:23] [INFO] [MqttWorker] 联系人解析: 客户-赵曦 → 客户-赵曦 (matched_by=remark)
[2026-06-16 16:26:24] [INFO] [MqttWorker:浊浪测试] 回调发布 成功 topic=wechat/wx_001/wechat-c49ab8fe
[2026-06-16 16:26:31] [INFO] [收到] 客户-赵曦(客户-赵曦) [文本]: '发送失败 我是浊浪精酿的阿浊，不是酒吧哈。你那边是酒吧还是餐厅？我帮你看看哪些款合适。'
[2026-06-16 16:26:31] [INFO] [MqttWorker:浊浪测试] 转发微信消息 -> wechat/wx_001/wechat-3b357b01 [客户-赵曦] role=浊浪测试
[2026-06-16 16:26:53] [INFO] [MqttWorker] 消息适配 -> event=wechat_message
[2026-06-16 16:26:53] [INFO] [MqttWorker:浊浪测试] 收到任务 topic=agent/zhuolang/wx_001 role=浊浪测试
[2026-06-16 16:26:53] [INFO] [MqttWorker] 执行任务 [send_text] event=wechat_message correlationId=wechat-3b357b01
[2026-06-16 16:26:53] [INFO] [MqttWorker] 联系人解析: 客户-赵曦 → 客户-赵曦 (matched_by=remark)
[2026-06-16 16:26:56] [ERROR] [MqttWorker] 任务执行异常 [send_text]: 好友或群聊备注有误！查无此人！
[2026-06-16 16:26:56] [INFO] [MqttWorker:浊浪测试] 回调发布 成功 topic=wechat/wx_001/wechat-3b357b01
[2026-06-16 16:27:04] [INFO] 检测到 1 条新消息
[2026-06-16 16:27:08] [INFO] [收到] 赵曦(赵曦) [文本]: '你是谁'
[2026-06-16 16:27:08] [INFO] [MqttWorker:浊浪测试] 转发微信消息 -> wechat/wx_001/wechat-0c87f074 [赵曦] role=浊浪测试
[2026-06-16 16:27:33] [INFO] [MqttWorker] 消息适配 -> event=wechat_message
[2026-06-16 16:27:33] [INFO] [MqttWorker:浊浪测试] 收到任务 topic=agent/zhuolang/wx_001 role=浊浪测试
[2026-06-16 16:27:33] [INFO] [MqttWorker] 执行任务 [send_text] event=wechat_message correlationId=wechat-0c87f074
[2026-06-16 16:27:33] [INFO] [MqttWorker] 联系人解析: 赵曦 → 客户-赵曦 (matched_by=substring)
[2026-06-16 16:27:36] [ERROR] [MqttWorker] 任务执行异常 [send_text]: 好友或群聊备注有误！查无此人！
[2026-06-16 16:27:36] [INFO] [MqttWorker:浊浪测试] 回调发布 成功 topic=wechat/wx_001/wechat-0c87f074
[2026-06-16 16:27:44] [INFO] [MqttWorker] 消息适配 -> event=wechat_message
[2026-06-16 16:27:44] [INFO] [MqttWorker:浊浪测试] 忽略重复消息 correlationId=wechat-3b357b01
[2026-06-16 16:27:58] [INFO] [MqttWorker] 消息适配 -> event=wechat_message
[2026-06-16 16:27:58] [INFO] [MqttWorker:浊浪测试] 忽略重复消息 correlationId=wechat-0c87f074
[2026-06-16 16:29:54] [INFO] [MqttWorker] 消息适配 -> event=wechat_message
[2026-06-16 16:29:54] [INFO] [MqttWorker:浊浪测试] 忽略重复消息 correlationId=wechat-0c87f074
[2026-06-16 16:31:39] [INFO] [收到] 赵曦(赵曦) [文本]: '干啥呢'
[2026-06-16 16:31:39] [INFO] [MqttWorker:浊浪测试] 转发微信消息 -> wechat/wx_001/wechat-88623cb2 [赵曦] role=浊浪测试
[2026-06-16 16:32:01] [INFO] [MqttWorker] 消息适配 -> event=wechat_message
[2026-06-16 16:32:01] [INFO] [MqttWorker:浊浪测试] 收到任务 topic=agent/zhuolang/wx_001 role=浊浪测试
[2026-06-16 16:32:01] [INFO] [MqttWorker] 执行任务 [send_text] event=wechat_message correlationId=wechat-88623cb2
[2026-06-16 16:32:01] [INFO] [MqttWorker] 联系人解析: 赵曦 → 客户-赵曦 (matched_by=substring)
[2026-06-16 16:32:04] [ERROR] [MqttWorker] 任务执行异常 [send_text]: 好友或群聊备注有误！查无此人！
[2026-06-16 16:32:04] [INFO] [MqttWorker:浊浪测试] 回调发布 成功 topic=wechat/wx_001/wechat-88623cb2
[2026-06-16 16:32:23] [INFO] [MqttWorker] 消息适配 -> event=wechat_message
[2026-06-16 16:32:23] [INFO] [MqttWorker:浊浪测试] 收到任务 topic=agent/zhuolang/wx_001 role=浊浪测试
[2026-06-16 16:32:23] [INFO] [MqttWorker] 执行任务 [send_text] event=wechat_message correlationId=b1e1e5a9
[2026-06-16 16:32:23] [INFO] [MqttWorker] 联系人解析: 客户-赵曦 → 客户-赵曦 (matched_by=remark)
[2026-06-16 16:32:26] [ERROR] [MqttWorker] 任务执行异常 [send_text]: 好友或群聊备注有误！查无此人！
[2026-06-16 16:32:26] [INFO] [MqttWorker:浊浪测试] 回调发布 成功 topic=wechat/wx_001/b1e1e5a9
