[2026-06-16 14:54:02] [INFO] [知识库] 已加载 2 条
[2026-06-16 14:54:02] [INFO] ========================================================
[2026-06-16 14:54:02] [INFO] wxbot_pyweixin 启动（基于 pyweixin SDK）
[2026-06-16 14:54:02] [INFO] ========================================================
[2026-06-16 14:54:02] [INFO] ✓ 微信版本: 4.1.9.35
[2026-06-16 14:54:02] [INFO] admin=文件传输助手 | 全局监听=False
[2026-06-16 14:54:02] [INFO] 配置文件: config\config.json
[2026-06-16 14:54:02] [INFO] [知识库] 已加载 2 条
[2026-06-16 14:54:02] [INFO] 🤖 数字员工已启用（知识库 + 岗位人设 + AI）
[2026-06-16 14:54:04] [WARNING] 获取账号信息失败，记忆使用默认目录: 'NoneType' object has no attribute 'child_window'
[2026-06-16 14:54:05] [INFO] [MqttWorker] 初始化 MQTT 数字员工 共 1 个身份，启用 1 个
[2026-06-16 14:54:05] [INFO] [MqttWorker] MQTT 协调器工作线程已启动
[2026-06-16 14:54:05] [INFO] [MqttWorker] MQTT 数字员工初始化完成
[2026-06-16 14:54:05] [INFO] 🔌 MQTT 数字员工通道已启用
[2026-06-16 14:54:05] [INFO] [MqttWorker] 正在连接 192.168.10.101:12403 (vhost=/, tls=False)
[2026-06-16 14:54:05] [INFO] [新好友调度] 启动
[2026-06-16 14:54:05] [INFO] [朋友圈点赞] 开关关闭，不启动
[2026-06-16 14:54:05] [INFO] ⏰ 调度器已启动（定时消息/朋友圈 + 随机窗口 + 新好友 + 点赞）
[2026-06-16 14:54:05] [INFO] 📨 消息主循环启动（轮询间隔 10.0s，单轮超时 30.0s）
[2026-06-16 14:54:05] [INFO] [MqttWorker] MQTT 连接结果: rc=0 (Connection Accepted.)
[2026-06-16 14:54:05] [INFO] [MqttWorker] 订阅主题: agent/zhuolang/wx_001
[2026-06-16 14:54:05] [INFO] [MqttWorker] 已订阅 1 个主题
