[2026-06-23 18:21:49] [INFO] wxbot_pyweixin 启动（基于 pyweixin SDK）
[2026-06-23 18:21:49] [INFO] ========================================================
[2026-06-23 18:21:49] [INFO] ✓ 微信版本: 4.1.9.35
[2026-06-23 18:21:49] [INFO] admin=文件传输助手 | 全局监听=True
[2026-06-23 18:21:49] [INFO] 配置文件: config\config.json
[2026-06-23 18:21:49] [INFO] [知识库] 已加载 2 条
[2026-06-23 18:21:49] [INFO] 🤖 数字员工已启用（知识库 + 岗位人设 + AI）
[2026-06-23 18:21:50] [INFO] ✓ 当前账号: 测试 (xian520942694)
[2026-06-23 18:21:52] [INFO] [MqttWorker] 微信账号信息: 昵称=测试 wxid=wxid_waumzfkkn78e22_54 微信号=xian520942694
[2026-06-23 18:21:52] [INFO] [MqttWorker] 初始化 MQTT 数字员工 共 1 个身份，启用 1 个
[2026-06-23 18:21:52] [INFO] [MqttWorker] 联系人缓存为空，启动后自动刷新（超时300s）...
[2026-06-23 18:21:52] [INFO] [MqttWorker] 全量刷新联系人缓存（超时 300s）...
[2026-06-23 18:21:58] [INFO] [MqttWorker] 联系人缓存已更新: 11 人 (耗时 6.2s)
[2026-06-23 18:21:58] [INFO] [MqttWorker] MQTT 协调器工作线程已启动
[2026-06-23 18:21:58] [INFO] [MqttWorker] 联系人缓存: 11 人 (文件: D:\wxbot_pyweixin\config\contacts_cache.json)
[2026-06-23 18:21:58] [INFO] [MqttWorker] MQTT 数字员工初始化完成
[2026-06-23 18:21:58] [INFO] 🔌 MQTT 数字员工通道已启用
[2026-06-23 18:21:58] [INFO] [新好友调度] 启动
[2026-06-23 18:21:58] [INFO] [朋友圈点赞] 开关关闭，不启动
[2026-06-23 18:21:58] [INFO] [朋友圈导出] 调度启动:每天 23:00-24:00 随机点获取 → E:\Desktop\朋友圈内容导出
[2026-06-23 18:21:58] [INFO] ⏰ 调度器已启动（定时消息/朋友圈 + 随机窗口 + 新好友 + 点赞 + 每日朋友圈导出）
[2026-06-23 18:21:58] [INFO] [MqttWorker] 正在连接 192.168.10.3:1883 (vhost=/, tls=False)
[2026-06-23 18:21:58] [INFO] [朋友圈导出] 下次运行: 2026-06-23 23:17:36(等待 4.93h)
[2026-06-23 18:21:58] [INFO] 📨 消息主循环启动（轮询间隔 10.0s，单轮超时 120.0s）
[2026-06-23 18:21:58] [INFO] [MqttWorker] MQTT 连接结果: rc=0 (Connection Accepted.)
[2026-06-23 18:21:58] [INFO] [MqttWorker] 订阅主题: agent/zhuolang/wx_002
[2026-06-23 18:21:58] [INFO] [MqttWorker] 已订阅 1 个主题
[2026-06-23 18:22:00] [INFO] 启动默认切换 → 文件传输助手
[2026-06-23 18:22:33] [INFO] [MqttWorker] ⬇ MQTT 收到 topic=agent/zhuolang/wx_002 payload={"event": "ping", "correlationId": "3b94ff81", "agentId": "wx_002", "ts": 1782209966075}
[2026-06-23 18:22:33] [INFO] [MqttWorker] 消息适配 -> event=ping
[2026-06-23 18:22:33] [INFO] [MqttWorker:浊浪销售] 收到任务 topic=agent/zhuolang/wx_002 role=浊浪销售 payload={"event": "ping", "correlationId": "3b94ff81", "agentId": "wx_002", "ts": 1782209966075}
[2026-06-23 18:22:33] [INFO] [MqttWorker:浊浪销售] 处理任务 event=ping cid=3b94ff81 role=浊浪销售 task={"event": "ping", "correlationId": "3b94ff81", "agentId": "wx_002", "ts": 1782209966075}
[2026-06-23 18:22:33] [INFO] [MqttWorker] 执行任务 [ping] event=ping correlationId=3b94ff81
[2026-06-23 18:22:33] [INFO] [MqttWorker] ⬆ MQTT 发布 topic=wechat/zhuolang/wx_002/3b94ff81 payload={"correlationId": "3b94ff81", "status": "success", "result": {"status": "success", "pong": true}, "event": "task_result", "executedAt": "2026-06-23T18:22:33", "agentId": "wx_002", "role": "浊浪销售", "senderId": "wxid_waumzfkkn78e22_54", "text": "{\"status\": \"success\", \"pong\": true}", "operate": ""}
[2026-06-23 18:22:33] [INFO] [MqttWorker:浊浪销售] 回调发布 成功 topic=wechat/zhuolang/wx_002/3b94ff81 payload={"correlationId": "3b94ff81", "status": "success", "result": {"status": "success", "pong": true}, "event": "task_result", "executedAt": "2026-06-23T18:22:33", "agentId": "wx_002", "role": "浊浪销售", "senderId": "wxid_waumzfkkn78e22_54", "text": "{\"status\": \"success\", \"pong\": true}", "operate": ""}
[2026-06-23 18:22:34] [INFO] [MqttWorker] ⬇ MQTT 收到 topic=agent/zhuolang/wx_002 payload={"event": "add_friend", "correlationId": "064c5385", "agentId": "wx_002", "ts": 1782209966375, "targetId": "15129562650", "targetName": "15129562650", "verifyText": "你好，我是浊浪精酿阿浊", "remark": "李二白-15129562650", "permission": "朋友圈"}
[2026-06-23 18:22:34] [INFO] [MqttWorker] 消息适配 -> event=add_friend
[2026-06-23 18:22:34] [INFO] [MqttWorker:浊浪销售] 收到任务 topic=agent/zhuolang/wx_002 role=浊浪销售 payload={"event": "add_friend", "correlationId": "064c5385", "agentId": "wx_002", "ts": 1782209966375, "targetId": "15129562650", "targetName": "15129562650", "verifyText": "你好，我是浊浪精酿阿浊", "remark": "李二白-15129562650", "permission": "朋友圈"}
[2026-06-23 18:22:34] [INFO] [MqttWorker:浊浪销售] 处理任务 event=add_friend cid=064c5385 role=浊浪销售 task={"event": "add_friend", "correlationId": "064c5385", "agentId": "wx_002", "ts": 1782209966375, "targetId": "15129562650", "targetName": "15129562650", "verifyText": "你好，我是浊浪精酿阿浊", "remark": "李二白-15129562650", "permission": "朋友圈"}
[2026-06-23 18:22:34] [INFO] [MqttWorker] 执行任务 [add_friend] event=add_friend correlationId=064c5385
[2026-06-23 18:22:37] [INFO] [MqttWorker] 好友请求已发送: 15129562650 (昵称: 李大白🌴)
[2026-06-23 18:22:37] [WARNING] [MqttWorker] pyweixin 暂不支持 tags/朋友圈权限，已跳过（已知 gap）
[2026-06-23 18:22:37] [INFO] [MqttWorker] 联系人缓存已追加: wxid=15129562650 (共 12 人)
[2026-06-23 18:22:37] [INFO] [MqttWorker] 已将 李二白-15129562650 加入监听列表
[2026-06-23 18:22:37] [INFO] [MqttWorker] ⬆ MQTT 发布 topic=wechat/zhuolang/wx_002/064c5385 payload={"correlationId": "064c5385", "status": "success", "result": {"status": "success", "action": "add_friend_sent", "target": "15129562650", "listen_name": "李二白-15129562650"}, "event": "task_result", "executedAt": "2026-06-23T18:22:37", "agentId": "wx_002", "role": "浊浪销售", "senderId": "wxid_waumzfkkn78e22_54", "text": "{\"status\": \"success\", \"action\": \"add_friend_sent\", \"target\": \"15129562650\", \"listen_name\": \"李二白-15129562650\"}", "operate": "", "targetId": "15129562650", "targetName": "15129562650"}
[2026-06-23 18:22:37] [INFO] [MqttWorker:浊浪销售] 回调发布 成功 topic=wechat/zhuolang/wx_002/064c5385 payload={"correlationId": "064c5385", "status": "success", "result": {"status": "success", "action": "add_friend_sent", "target": "15129562650", "listen_name": "李二白-15129562650"}, "event": "task_result", "executedAt": "2026-06-23T18:22:37", "agentId": "wx_002", "role": "浊浪销售", "senderId": "wxid_waumzfkkn78e22_54", "text": "{\"status\": \"success\", \"action\": \"add_friend_sent\", \"target\": \"15129562650\", \"listen_name\": \"李二白-15129562650\"}", "operate": "", "targetId": "15129562650", "targetName": "15129562650"}
[2026-06-23 18:22:37] [INFO] [MqttWorker:浊浪销售] 单 agent 兜底模式，跳过追加 forward_contacts: 李二白-15129562650
[2026-06-23 18:24:01] [INFO] 检测到 1 条新消息
[2026-06-23 18:24:05] [INFO] [收到] 李二白-15129562650(李二白-15129562650) [文本]: '你好，我是浊浪精酿阿浊'
[2026-06-23 18:24:05] [INFO] [新好友通过] 李二白-15129562650 主动发来消息,跳过模拟通知
[2026-06-23 18:24:05] [INFO] [MqttWorker] ⬆ MQTT 发布 topic=wechat/zhuolang/wx_002/wechat-72a89f98 payload={"event": "wechat_message", "correlationId": "wechat-72a89f98", "senderId": "15129562650", "senderName": "李二白-15129562650", "chatId": "15129562650", "targetId": "15129562650", "text": "你好，我是浊浪精酿阿浊", "chat": "李二白-15129562650", "type": "文本", "agentId": "wx_002", "role": "浊浪销售", "selfWxName": "测试", "selfWxId": "wxid_waumzfkkn78e22_54", "ts": 1782210245451, "operate": "auto"}
[2026-06-23 18:24:05] [INFO] [MqttWorker:浊浪销售] 转发微信消息 -> wechat/zhuolang/wx_002/wechat-72a89f98 [李二白-15129562650] role=浊浪销售 payload={"event": "wechat_message", "correlationId": "wechat-72a89f98", "senderId": "15129562650", "senderName": "李二白-15129562650", "chatId": "15129562650", "targetId": "15129562650", "text": "你好，我是浊浪精酿阿浊", "chat": "李二白-15129562650", "type": "文本", "agentId": "wx_002", "role": "浊浪销售", "selfWxName": "测试", "selfWxId": "wxid_waumzfkkn78e22_54", "ts": 1782210245451, "operate": "auto"}
[2026-06-23 18:24:20] [INFO] [MqttWorker] ⬇ MQTT 收到 topic=agent/zhuolang/wx_002 payload={"event": "wechat_message", "correlationId": "wechat-72a89f98", "agentId": "wx_002", "ts": 1782210072516, "targetName": "李二白-15129562650", "text": "明白，消息收得到，回复也能发出去，链路ok。", "targetId": "15129562650", "type": "text", "role": "浊浪销售", "selfWxName": "测试", "selfWxId": "wxid_waumzfkkn78e22_54", "operate": "auto"}
[2026-06-23 18:24:20] [INFO] [MqttWorker] 消息适配 -> event=wechat_message
[2026-06-23 18:24:20] [INFO] [MqttWorker:浊浪销售] 收到任务 topic=agent/zhuolang/wx_002 role=浊浪销售 payload={"event": "wechat_message", "correlationId": "wechat-72a89f98", "agentId": "wx_002", "ts": 1782210072516, "targetName": "李二白-15129562650", "text": "明白，消息收得到，回复也能发出去，链路ok。", "targetId": "15129562650", "type": "text", "role": "浊浪销售", "selfWxName": "测试", "selfWxId": "wxid_waumzfkkn78e22_54", "operate": "auto", "_internal_task": "send_text"}
[2026-06-23 18:24:20] [INFO] [MqttWorker:浊浪销售] 处理任务 event=wechat_message cid=wechat-72a89f98 role=浊浪销售 task={"event": "wechat_message", "correlationId": "wechat-72a89f98", "agentId": "wx_002", "ts": 1782210072516, "targetName": "李二白-15129562650", "text": "明白，消息收得到，回复也能发出去，链路ok。", "targetId": "15129562650", "type": "text", "role": "浊浪销售", "selfWxName": "测试", "selfWxId": "wxid_waumzfkkn78e22_54", "operate": "auto", "_internal_task": "send_text"}
[2026-06-23 18:24:20] [INFO] [MqttWorker] 执行任务 [send_text] event=wechat_message correlationId=wechat-72a89f98
[2026-06-23 18:24:20] [INFO] [MqttWorker] 联系人解析: 李二白-15129562650 → 李二白-15129562650 (matched_by=remark)
[2026-06-23 18:24:23] [INFO] [MqttWorker] ⬆ MQTT 发布 topic=wechat/zhuolang/wx_002/wechat-72a89f98 payload={"correlationId": "wechat-72a89f98", "status": "success", "result": {"status": "success", "wechatResult": true, "wechatRaw": "text: ok"}, "event": "task_result", "executedAt": "2026-06-23T18:24:23", "agentId": "wx_002", "role": "浊浪销售", "senderId": "wxid_waumzfkkn78e22_54", "text": "{\"status\": \"success\", \"wechatResult\": true, \"wechatRaw\": \"text: ok\"}", "operate": "auto", "targetId": "15129562650", "targetName": "李二白-15129562650"}
[2026-06-23 18:24:23] [INFO] [MqttWorker:浊浪销售] 回调发布 成功 topic=wechat/zhuolang/wx_002/wechat-72a89f98 payload={"correlationId": "wechat-72a89f98", "status": "success", "result": {"status": "success", "wechatResult": true, "wechatRaw": "text: ok"}, "event": "task_result", "executedAt": "2026-06-23T18:24:23", "agentId": "wx_002", "role": "浊浪销售", "senderId": "wxid_waumzfkkn78e22_54", "text": "{\"status\": \"success\", \"wechatResult\": true, \"wechatRaw\": \"text: ok\"}", "operate": "auto", "targetId": "15129562650", "targetName": "李二白-15129562650"}
[2026-06-23 18:24:23] [INFO] [MqttWorker:浊浪销售] 已记录发送指纹: 李二白-15129562650 -> 明白，消息收得到，回复也能发出去，链路ok。
